app/build/intermediates/manifest_merge_blame_file/civDebug/manifest-merger-blame-civ-debug-report.txt
1<?xml version="1.0" encoding="utf-8"?>
2<manifest xmlns:android="http://schemas.android.com/apk/res/android"
3    package="com.atakmap.android.plugintemplate.plugin"
4    android:versionCode="1"
5    android:versionName="1.0 (1) - [4.2.0]" >
6
7    <uses-sdk android:minSdkVersion="21" />
7-->src/main/AndroidManifest.xml
8
9    <uses-permission android:name="android.permission.INTERNET" />
9-->src/main/AndroidManifest.xml:6:5-67
9-->src/main/AndroidManifest.xml:6:22-64
10    <uses-permission android:name="android.permission.ACCESS_NETWORK_STATE" />
10-->src/main/AndroidManifest.xml:7:5-79
10-->src/main/AndroidManifest.xml:7:22-76
11    <uses-permission android:name="android.permission.ACCESS_WIFI_STATE" />
11-->src/main/AndroidManifest.xml:8:5-76
11-->src/main/AndroidManifest.xml:8:22-73
12
13    <application
13-->src/main/AndroidManifest.xml:10:5-21:19
14        android:allowBackup="false"
14-->src/main/AndroidManifest.xml:11:9-36
15        android:debuggable="true"
16        android:description="@string/app_desc"
16-->src/main/AndroidManifest.xml:14:9-47
17        android:extractNativeLibs="true"
17-->src/main/AndroidManifest.xml:15:9-41
18        android:icon="@drawable/ic_launcher"
18-->src/main/AndroidManifest.xml:12:9-45
19        android:label="@string/app_name"
19-->src/main/AndroidManifest.xml:13:9-41
20        android:theme="@style/AppTheme" >
20-->src/main/AndroidManifest.xml:16:9-40
21        <meta-data
22            android:name="plugin-api"
22-->src/main/AndroidManifest.xml:18:20-45
23            android:value="com.atakmap.app@4.2.0.CIV" />
23-->src/main/AndroidManifest.xml:18:46-79
24        <meta-data
24-->src/main/AndroidManifest.xml:19:9-78
25            android:name="app_desc"
25-->src/main/AndroidManifest.xml:19:20-43
26            android:value="@string/app_desc" />
26-->src/main/AndroidManifest.xml:19:44-76
27    </application>
28
29</manifest>